Many-body configurations
------------------------
Index:  0
State:  [0. 0. 4. 2. 0. 0. 0. 0.]
z-Ang.mom. 14
Index:  1
State:  [0. 1. 2. 3. 0. 0. 0. 0.]
z-Ang.mom. 14
Index:  2
State:  [0. 2. 0. 4. 0. 0. 0. 0.]
z-Ang.mom. 14
Index:  3
State:  [1. 0. 1. 4. 0. 0. 0. 0.]
z-Ang.mom. 14
Index:  4
State:  [0. 0. 5. 0. 1. 0. 0. 0.]
z-Ang.mom. 14
Index:  5
State:  [0. 1. 3. 1. 1. 0. 0. 0.]
z-Ang.mom. 14
Index:  6
State:  [0. 2. 1. 2. 1. 0. 0. 0.]
z-Ang.mom. 14
Index:  7
State:  [1. 0. 2. 2. 1. 0. 0. 0.]
z-Ang.mom. 14
Index:  8
State:  [1. 1. 0. 3. 1. 0. 0. 0.]
z-Ang.mom. 14
Index:  9
State:  [0. 2. 2. 0. 2. 0. 0. 0.]
z-Ang.mom. 14
Index:  10
State:  [1. 0. 3. 0. 2. 0. 0. 0.]
z-Ang.mom. 14
Index:  11
State:  [0. 3. 0. 1. 2. 0. 0. 0.]
z-Ang.mom. 14
Index:  12
State:  [1. 1. 1. 1. 2. 0. 0. 0.]
z-Ang.mom. 14
Index:  13
State:  [2. 0. 0. 2. 2. 0. 0. 0.]
z-Ang.mom. 14
Index:  14
State:  [1. 2. 0. 0. 3. 0. 0. 0.]
z-Ang.mom. 14
Index:  15
State:  [2. 0. 1. 0. 3. 0. 0. 0.]
z-Ang.mom. 14
Index:  16
State:  [0. 1. 4. 0. 0. 1. 0. 0.]
z-Ang.mom. 14
Index:  17
State:  [0. 2. 2. 1. 0. 1. 0. 0.]
z-Ang.mom. 14
Index:  18
State:  [1. 0. 3. 1. 0. 1. 0. 0.]
z-Ang.mom. 14
Index:  19
State:  [0. 3. 0. 2. 0. 1. 0. 0.]
z-Ang.mom. 14
Index:  20
State:  [1. 1. 1. 2. 0. 1. 0. 0.]
z-Ang.mom. 14
Index:  21
State:  [2. 0. 0. 3. 0. 1. 0. 0.]
z-Ang.mom. 14
Index:  22
State:  [0. 3. 1. 0. 1. 1. 0. 0.]
z-Ang.mom. 14
Index:  23
State:  [1. 1. 2. 0. 1. 1. 0. 0.]
z-Ang.mom. 14
Index:  24
State:  [1. 2. 0. 1. 1. 1. 0. 0.]
z-Ang.mom. 14
Index:  25
State:  [2. 0. 1. 1. 1. 1. 0. 0.]
z-Ang.mom. 14
Index:  26
State:  [2. 1. 0. 0. 2. 1. 0. 0.]
z-Ang.mom. 14
Index:  27
State:  [0. 4. 0. 0. 0. 2. 0. 0.]
z-Ang.mom. 14
Index:  28
State:  [1. 2. 1. 0. 0. 2. 0. 0.]
z-Ang.mom. 14
Index:  29
State:  [2. 0. 2. 0. 0. 2. 0. 0.]
z-Ang.mom. 14
Index:  30
State:  [2. 1. 0. 1. 0. 2. 0. 0.]
z-Ang.mom. 14
Index:  31
State:  [3. 0. 0. 0. 1. 2. 0. 0.]
z-Ang.mom. 14
Index:  32
State:  [0. 2. 3. 0. 0. 0. 1. 0.]
z-Ang.mom. 14
Index:  33
State:  [1. 0. 4. 0. 0. 0. 1. 0.]
z-Ang.mom. 14
Index:  34
State:  [0. 3. 1. 1. 0. 0. 1. 0.]
z-Ang.mom. 14
Index:  35
State:  [1. 1. 2. 1. 0. 0. 1. 0.]
z-Ang.mom. 14
Index:  36
State:  [1. 2. 0. 2. 0. 0. 1. 0.]
z-Ang.mom. 14
Index:  37
State:  [2. 0. 1. 2. 0. 0. 1. 0.]
z-Ang.mom. 14
Index:  38
State:  [0. 4. 0. 0. 1. 0. 1. 0.]
z-Ang.mom. 14
Index:  39
State:  [1. 2. 1. 0. 1. 0. 1. 0.]
z-Ang.mom. 14
Index:  40
State:  [2. 0. 2. 0. 1. 0. 1. 0.]
z-Ang.mom. 14
Index:  41
State:  [2. 1. 0. 1. 1. 0. 1. 0.]
z-Ang.mom. 14
Index:  42
State:  [3. 0. 0. 0. 2. 0. 1. 0.]
z-Ang.mom. 14
Index:  43
State:  [1. 3. 0. 0. 0. 1. 1. 0.]
z-Ang.mom. 14
Index:  44
State:  [2. 1. 1. 0. 0. 1. 1. 0.]
z-Ang.mom. 14
Index:  45
State:  [3. 0. 0. 1. 0. 1. 1. 0.]
z-Ang.mom. 14
Index:  46
State:  [2. 2. 0. 0. 0. 0. 2. 0.]
z-Ang.mom. 14
Index:  47
State:  [3. 0. 1. 0. 0. 0. 2. 0.]
z-Ang.mom. 14
Index:  48
State:  [0. 3. 2. 0. 0. 0. 0. 1.]
z-Ang.mom. 14
Index:  49
State:  [1. 1. 3. 0. 0. 0. 0. 1.]
z-Ang.mom. 14
Index:  50
State:  [0. 4. 0. 1. 0. 0. 0. 1.]
z-Ang.mom. 14
Index:  51
State:  [1. 2. 1. 1. 0. 0. 0. 1.]
z-Ang.mom. 14
Index:  52
State:  [2. 0. 2. 1. 0. 0. 0. 1.]
z-Ang.mom. 14
Index:  53
State:  [2. 1. 0. 2. 0. 0. 0. 1.]
z-Ang.mom. 14
Index:  54
State:  [1. 3. 0. 0. 1. 0. 0. 1.]
z-Ang.mom. 14
Index:  55
State:  [2. 1. 1. 0. 1. 0. 0. 1.]
z-Ang.mom. 14
Index:  56
State:  [3. 0. 0. 1. 1. 0. 0. 1.]
z-Ang.mom. 14
Index:  57
State:  [2. 2. 0. 0. 0. 1. 0. 1.]
z-Ang.mom. 14
Index:  58
State:  [3. 0. 1. 0. 0. 1. 0. 1.]
z-Ang.mom. 14
Index:  59
State:  [3. 1. 0. 0. 0. 0. 1. 1.]
z-Ang.mom. 14
Index:  60
State:  [4. 0. 0. 0. 0. 0. 0. 2.]
z-Ang.mom. 14
------------------------
Hamiltonian construction progress [%] 2.6874496103198067
Hamiltonian construction progress [%] 5.374899220639613
Hamiltonian construction progress [%] 8.062348830959419
Hamiltonian construction progress [%] 10.749798441279227
Hamiltonian construction progress [%] 13.437248051599033
Hamiltonian construction progress [%] 16.124697661918837
Hamiltonian construction progress [%] 18.812147272238647
Hamiltonian construction progress [%] 21.499596882558453
Hamiltonian construction progress [%] 24.18704649287826
Hamiltonian construction progress [%] 26.874496103198066
Hamiltonian construction progress [%] 29.561945713517872
Hamiltonian construction progress [%] 32.249395323837675
Hamiltonian construction progress [%] 34.936844934157484
Hamiltonian construction progress [%] 37.624294544477294
Hamiltonian construction progress [%] 40.3117441547971
Hamiltonian construction progress [%] 42.99919376511691
Hamiltonian construction progress [%] 45.68664337543671
Hamiltonian construction progress [%] 48.37409298575652
Hamiltonian construction progress [%] 51.06154259607633
Hamiltonian construction progress [%] 53.74899220639613
Hamiltonian construction progress [%] 56.436441816715934
Hamiltonian construction progress [%] 59.123891427035744
Hamiltonian construction progress [%] 61.81134103735555
Hamiltonian construction progress [%] 64.49879064767535
Hamiltonian construction progress [%] 67.18624025799517
Hamiltonian construction progress [%] 69.87368986831497
Hamiltonian construction progress [%] 72.56113947863477
Hamiltonian construction progress [%] 75.24858908895459
Hamiltonian construction progress [%] 77.93603869927439
Hamiltonian construction progress [%] 80.6234883095942
Hamiltonian construction progress [%] 83.310937919914
Hamiltonian construction progress [%] 85.99838753023381
Hamiltonian construction progress [%] 88.68583714055362
Hamiltonian construction progress [%] 91.37328675087342
Hamiltonian construction progress [%] 94.06073636119324
Hamiltonian construction progress [%] 96.74818597151304
Hamiltonian construction progress [%] 99.43563558183284
Diagonalising Hamiltonian...
Hamiltonian eigenvalues [V0]
[ 2.69433994  3.04138728  3.16992747  3.59702384  3.65963901  3.66601434
  3.79445283  3.82672323  3.87251145  3.94909426  4.00889496  4.14008234
  4.2585886   4.39454116  4.49620939  4.51623225  4.59034425  4.63482009
  4.69980077  4.76737702  4.82469273  4.92327406  4.99881512  5.18228547
  5.22850112  5.25741218  5.27733993  5.36763896  5.94177794  6.01101373
  6.03115615  6.05158732  6.09916646  6.13733802  6.23099879  6.24027397
  6.26282361  6.28928141  6.41187648  6.42742365  6.63826355  6.82945894
  6.93796559  7.02833588  7.04042196  7.05440353  7.13355068  7.21856731
  7.51213102  7.53046913  7.59048725  7.75426441  8.23326747  9.01943557
 10.00044231 10.00720707 10.04691426 10.22272343 10.45688795 11.83522193
 14.98133279]
