\BOOKMARK [0][-]{chapter.1}{\376\377\0001\000\040\000H\000i\000e\000r\000a\000r\000c\000h\000i\000c\000a\000l\000\040\000I\000n\000d\000e\000x}{}% 1
\BOOKMARK [1][-]{section.1.1}{\376\377\0001\000.\0001\000\040\000C\000l\000a\000s\000s\000\040\000H\000i\000e\000r\000a\000r\000c\000h\000y}{chapter.1}% 2
\BOOKMARK [0][-]{chapter.2}{\376\377\0002\000\040\000C\000l\000a\000s\000s\000\040\000I\000n\000d\000e\000x}{}% 3
\BOOKMARK [1][-]{section.2.1}{\376\377\0002\000.\0001\000\040\000C\000l\000a\000s\000s\000\040\000L\000i\000s\000t}{chapter.2}% 4
\BOOKMARK [0][-]{chapter.3}{\376\377\0003\000\040\000C\000l\000a\000s\000s\000\040\000D\000o\000c\000u\000m\000e\000n\000t\000a\000t\000i\000o\000n}{}% 5
\BOOKMARK [1][-]{section.3.1}{\376\377\0003\000.\0001\000\040\000A\000b\000I\000n\000i\000t\000i\000o\000H\000a\000m\000i\000l\000t\000o\000n\000i\000a\000n\000\040\000C\000l\000a\000s\000s\000\040\000R\000e\000f\000e\000r\000e\000n\000c\000e}{chapter.3}% 6
\BOOKMARK [1][-]{section.3.2}{\376\377\0003\000.\0002\000\040\000A\000l\000i\000a\000s\000e\000r\000\040\000C\000l\000a\000s\000s\000\040\000R\000e\000f\000e\000r\000e\000n\000c\000e}{chapter.3}% 7
\BOOKMARK [1][-]{section.3.3}{\376\377\0003\000.\0003\000\040\000A\000l\000i\000g\000n\000e\000d\000A\000l\000l\000o\000c\000a\000t\000o\000r\000<\000\040\000T\000,\000\040\000a\000l\000i\000g\000n\000m\000e\000n\000t\000\040\000>\000\040\000C\000l\000a\000s\000s\000\040\000T\000e\000m\000p\000l\000a\000t\000e\000\040\000R\000e\000f\000e\000r\000e\000n\000c\000e}{chapter.3}% 8
\BOOKMARK [1][-]{section.3.4}{\376\377\0003\000.\0004\000\040\000A\000l\000i\000g\000n\000e\000d\000A\000l\000l\000o\000c\000a\000t\000o\000r\0002\000<\000\040\000T\000,\000\040\000a\000l\000i\000g\000n\000m\000e\000n\000t\000\040\000>\000\040\000C\000l\000a\000s\000s\000\040\000T\000e\000m\000p\000l\000a\000t\000e\000\040\000R\000e\000f\000e\000r\000e\000n\000c\000e}{chapter.3}% 9
\BOOKMARK [1][-]{section.3.5}{\376\377\0003\000.\0005\000\040\000D\000e\000t\000e\000r\000m\000i\000n\000a\000n\000t\000E\000l\000e\000m\000e\000n\000t\000:\000:\000A\000n\000t\000i\000D\000a\000t\000a\000w\000o\000r\000d\000E\000n\000u\000m\000e\000r\000a\000t\000o\000r\000\040\000C\000l\000a\000s\000s\000\040\000R\000e\000f\000e\000r\000e\000n\000c\000e}{chapter.3}% 10
\BOOKMARK [1][-]{section.3.6}{\376\377\0003\000.\0006\000\040\000A\000n\000t\000i\000s\000y\000m\000C\000o\000n\000n\000e\000c\000t\000i\000o\000n\000\040\000C\000l\000a\000s\000s\000\040\000R\000e\000f\000e\000r\000e\000n\000c\000e}{chapter.3}% 11
\BOOKMARK [1][-]{section.3.7}{\376\377\0003\000.\0007\000\040\000A\000r\000r\000a\000y\000I\000n\000d\000e\000x\000e\000r\000<\000\040\000n\000i\000n\000d\000\040\000>\000\040\000C\000l\000a\000s\000s\000\040\000T\000e\000m\000p\000l\000a\000t\000e\000\040\000R\000e\000f\000e\000r\000e\000n\000c\000e}{chapter.3}% 12
\BOOKMARK [1][-]{section.3.8}{\376\377\0003\000.\0008\000\040\000A\000t\000o\000m\000i\000c\000<\000\040\000T\000\040\000>\000\040\000S\000t\000r\000u\000c\000t\000\040\000T\000e\000m\000p\000l\000a\000t\000e\000\040\000R\000e\000f\000e\000r\000e\000n\000c\000e}{chapter.3}% 13
\BOOKMARK [1][-]{section.3.9}{\376\377\0003\000.\0009\000\040\000A\000t\000o\000m\000i\000c\000<\000\040\000b\000o\000o\000l\000\040\000>\000\040\000S\000t\000r\000u\000c\000t\000\040\000T\000e\000m\000p\000l\000a\000t\000e\000\040\000R\000e\000f\000e\000r\000e\000n\000c\000e}{chapter.3}% 14
\BOOKMARK [1][-]{section.3.10}{\376\377\0003\000.\0001\0000\000\040\000A\000t\000o\000m\000i\000c\000<\000\040\000s\000t\000d\000:\000:\000c\000o\000m\000p\000l\000e\000x\000<\000\040\000T\000\040\000>\000\040\000>\000\040\000S\000t\000r\000u\000c\000t\000\040\000T\000e\000m\000p\000l\000a\000t\000e\000\040\000R\000e\000f\000e\000r\000e\000n\000c\000e}{chapter.3}% 15
\BOOKMARK [1][-]{section.3.11}{\376\377\0003\000.\0001\0001\000\040\000B\000i\000t\000s\000e\000t\000\040\000C\000l\000a\000s\000s\000\040\000R\000e\000f\000e\000r\000e\000n\000c\000e}{chapter.3}% 16
\BOOKMARK [1][-]{section.3.12}{\376\377\0003\000.\0001\0002\000\040\000B\000i\000t\000s\000e\000t\000C\000l\000r\000E\000n\000u\000m\000e\000r\000a\000t\000o\000r\000\040\000C\000l\000a\000s\000s\000\040\000R\000e\000f\000e\000r\000e\000n\000c\000e}{chapter.3}% 17
\BOOKMARK [1][-]{section.3.13}{\376\377\0003\000.\0001\0003\000\040\000B\000i\000t\000s\000e\000t\000E\000l\000e\000m\000e\000n\000t\000\040\000C\000l\000a\000s\000s\000\040\000R\000e\000f\000e\000r\000e\000n\000c\000e}{chapter.3}% 18
\BOOKMARK [1][-]{section.3.14}{\376\377\0003\000.\0001\0004\000\040\000B\000i\000t\000s\000e\000t\000E\000n\000u\000m\000e\000r\000a\000t\000o\000r\000<\000\040\000o\000p\000\040\000>\000\040\000C\000l\000a\000s\000s\000\040\000T\000e\000m\000p\000l\000a\000t\000e\000\040\000R\000e\000f\000e\000r\000e\000n\000c\000e}{chapter.3}% 19
\BOOKMARK [1][-]{section.3.15}{\376\377\0003\000.\0001\0005\000\040\000B\000i\000t\000s\000e\000t\000F\000i\000e\000l\000d\000\040\000C\000l\000a\000s\000s\000\040\000R\000e\000f\000e\000r\000e\000n\000c\000e}{chapter.3}% 20
\BOOKMARK [1][-]{section.3.16}{\376\377\0003\000.\0001\0006\000\040\000B\000i\000t\000s\000e\000t\000S\000e\000t\000E\000n\000u\000m\000e\000r\000a\000t\000o\000r\000\040\000C\000l\000a\000s\000s\000\040\000R\000e\000f\000e\000r\000e\000n\000c\000e}{chapter.3}% 21
\BOOKMARK [1][-]{section.3.17}{\376\377\0003\000.\0001\0007\000\040\000C\000o\000m\000b\000i\000n\000a\000t\000i\000o\000n\000E\000n\000u\000m\000e\000r\000a\000t\000o\000r\000\040\000C\000l\000a\000s\000s\000\040\000R\000e\000f\000e\000r\000e\000n\000c\000e}{chapter.3}% 22
\BOOKMARK [1][-]{section.3.18}{\376\377\0003\000.\0001\0008\000\040\000c\000o\000n\000s\000t\000s\000:\000:\000c\000o\000m\000p\000o\000n\000e\000n\000t\000\137\000t\000<\000\040\000T\000\040\000>\000\040\000S\000t\000r\000u\000c\000t\000\040\000T\000e\000m\000p\000l\000a\000t\000e\000\040\000R\000e\000f\000e\000r\000e\000n\000c\000e}{chapter.3}% 23
\BOOKMARK [1][-]{section.3.19}{\376\377\0003\000.\0001\0009\000\040\000c\000o\000n\000s\000t\000s\000:\000:\000c\000o\000m\000p\000o\000n\000e\000n\000t\000\137\000t\000<\000\040\000c\000o\000n\000s\000t\000\040\000s\000t\000d\000:\000:\000c\000o\000m\000p\000l\000e\000x\000<\000\040\000T\000\040\000>\000\040\000\046\000\040\000>\000\040\000S\000t\000r\000u\000c\000t\000\040\000T\000e\000m\000p\000l\000a\000t\000e\000\040\000R\000e\000f\000e\000r\000e\000n\000c\000e}{chapter.3}% 24
\BOOKMARK [1][-]{section.3.20}{\376\377\0003\000.\0002\0000\000\040\000c\000o\000n\000s\000t\000s\000:\000:\000c\000o\000m\000p\000o\000n\000e\000n\000t\000\137\000t\000<\000\040\000s\000t\000d\000:\000:\000c\000o\000m\000p\000l\000e\000x\000<\000\040\000T\000\040\000>\000\040\000>\000\040\000S\000t\000r\000u\000c\000t\000\040\000T\000e\000m\000p\000l\000a\000t\000e\000\040\000R\000e\000f\000e\000r\000e\000n\000c\000e}{chapter.3}% 25
\BOOKMARK [1][-]{section.3.21}{\376\377\0003\000.\0002\0001\000\040\000C\000o\000n\000n\000e\000c\000t\000i\000o\000n\000\040\000C\000l\000a\000s\000s\000\040\000R\000e\000f\000e\000r\000e\000n\000c\000e}{chapter.3}% 26
\BOOKMARK [1][-]{section.3.22}{\376\377\0003\000.\0002\0002\000\040\000H\000a\000m\000i\000l\000t\000o\000n\000i\000a\000n\000:\000:\000C\000o\000n\000n\000e\000c\000t\000i\000o\000n\000L\000i\000s\000t\000\040\000C\000l\000a\000s\000s\000\040\000R\000e\000f\000e\000r\000e\000n\000c\000e}{chapter.3}% 27
\BOOKMARK [1][-]{section.3.23}{\376\377\0003\000.\0002\0003\000\040\000C\000o\000n\000t\000a\000i\000n\000e\000r\000C\000o\000m\000b\000i\000n\000a\000t\000i\000o\000n\000E\000n\000u\000m\000e\000r\000a\000t\000o\000r\000<\000\040\000T\000\040\000>\000\040\000C\000l\000a\000s\000s\000\040\000T\000e\000m\000p\000l\000a\000t\000e\000\040\000R\000e\000f\000e\000r\000e\000n\000c\000e}{chapter.3}% 28
\BOOKMARK [1][-]{section.3.24}{\376\377\0003\000.\0002\0004\000\040\000D\000e\000t\000e\000r\000m\000i\000n\000a\000n\000t\000E\000l\000e\000m\000e\000n\000t\000:\000:\000D\000a\000t\000a\000w\000o\000r\000d\000E\000n\000u\000m\000e\000r\000a\000t\000o\000r\000\040\000C\000l\000a\000s\000s\000\040\000R\000e\000f\000e\000r\000e\000n\000c\000e}{chapter.3}% 29
\BOOKMARK [1][-]{section.3.25}{\376\377\0003\000.\0002\0005\000\040\000D\000e\000c\000o\000d\000e\000d\000D\000e\000t\000e\000r\000m\000i\000n\000a\000n\000t\000\040\000S\000t\000r\000u\000c\000t\000\040\000R\000e\000f\000e\000r\000e\000n\000c\000e}{chapter.3}% 30
\BOOKMARK [1][-]{section.3.26}{\376\377\0003\000.\0002\0006\000\040\000D\000e\000n\000s\000e\000H\000a\000m\000i\000l\000t\000o\000n\000i\000a\000n\000\040\000C\000l\000a\000s\000s\000\040\000R\000e\000f\000e\000r\000e\000n\000c\000e}{chapter.3}% 31
\BOOKMARK [1][-]{section.3.27}{\376\377\0003\000.\0002\0007\000\040\000D\000e\000t\000e\000r\000m\000i\000n\000a\000n\000t\000\040\000C\000l\000a\000s\000s\000\040\000R\000e\000f\000e\000r\000e\000n\000c\000e}{chapter.3}% 32
\BOOKMARK [1][-]{section.3.28}{\376\377\0003\000.\0002\0008\000\040\000D\000e\000t\000e\000r\000m\000i\000n\000a\000n\000t\000C\000l\000r\000E\000n\000u\000m\000e\000r\000a\000t\000o\000r\000\040\000C\000l\000a\000s\000s\000\040\000R\000e\000f\000e\000r\000e\000n\000c\000e}{chapter.3}% 33
\BOOKMARK [1][-]{section.3.29}{\376\377\0003\000.\0002\0009\000\040\000D\000e\000t\000e\000r\000m\000i\000n\000a\000n\000t\000E\000l\000e\000m\000e\000n\000t\000\040\000C\000l\000a\000s\000s\000\040\000R\000e\000f\000e\000r\000e\000n\000c\000e}{chapter.3}% 34
\BOOKMARK [1][-]{section.3.30}{\376\377\0003\000.\0003\0000\000\040\000D\000e\000t\000e\000r\000m\000i\000n\000a\000n\000t\000E\000n\000u\000m\000e\000r\000a\000t\000o\000r\000<\000\040\000o\000p\000\040\000>\000\040\000C\000l\000a\000s\000s\000\040\000T\000e\000m\000p\000l\000a\000t\000e\000\040\000R\000e\000f\000e\000r\000e\000n\000c\000e}{chapter.3}% 35
\BOOKMARK [1][-]{section.3.31}{\376\377\0003\000.\0003\0001\000\040\000D\000e\000t\000e\000r\000m\000i\000n\000a\000n\000t\000F\000i\000e\000l\000d\000\040\000C\000l\000a\000s\000s\000\040\000R\000e\000f\000e\000r\000e\000n\000c\000e}{chapter.3}% 36
\BOOKMARK [1][-]{section.3.32}{\376\377\0003\000.\0003\0002\000\040\000D\000e\000t\000e\000r\000m\000i\000n\000a\000n\000t\000S\000a\000m\000p\000l\000e\000r\000\040\000C\000l\000a\000s\000s\000\040\000R\000e\000f\000e\000r\000e\000n\000c\000e}{chapter.3}% 37
\BOOKMARK [1][-]{section.3.33}{\376\377\0003\000.\0003\0003\000\040\000D\000e\000t\000e\000r\000m\000i\000n\000a\000n\000t\000S\000e\000t\000E\000n\000u\000m\000e\000r\000a\000t\000o\000r\000\040\000C\000l\000a\000s\000s\000\040\000R\000e\000f\000e\000r\000e\000n\000c\000e}{chapter.3}% 38
\BOOKMARK [1][-]{section.3.34}{\376\377\0003\000.\0003\0004\000\040\000D\000e\000t\000e\000r\000m\000i\000n\000i\000s\000t\000i\000c\000S\000u\000b\000s\000p\000a\000c\000e\000\040\000C\000l\000a\000s\000s\000\040\000R\000e\000f\000e\000r\000e\000n\000c\000e}{chapter.3}% 39
\BOOKMARK [1][-]{section.3.35}{\376\377\0003\000.\0003\0005\000\040\000D\000i\000s\000t\000r\000i\000b\000u\000t\000e\000d\000<\000\040\000T\000\040\000>\000\040\000C\000l\000a\000s\000s\000\040\000T\000e\000m\000p\000l\000a\000t\000e\000\040\000R\000e\000f\000e\000r\000e\000n\000c\000e}{chapter.3}% 40
\BOOKMARK [1][-]{section.3.36}{\376\377\0003\000.\0003\0006\000\040\000E\000i\000g\000e\000n\000S\000o\000l\000v\000e\000r\000<\000\040\000T\000\040\000>\000\040\000C\000l\000a\000s\000s\000\040\000T\000e\000m\000p\000l\000a\000t\000e\000\040\000R\000e\000f\000e\000r\000e\000n\000c\000e}{chapter.3}% 41
\BOOKMARK [1][-]{section.3.37}{\376\377\0003\000.\0003\0007\000\040\000E\000l\000e\000m\000e\000n\000t\000\040\000C\000l\000a\000s\000s\000\040\000R\000e\000f\000e\000r\000e\000n\000c\000e}{chapter.3}% 42
\BOOKMARK [1][-]{section.3.38}{\376\377\0003\000.\0003\0008\000\040\000E\000n\000u\000m\000e\000r\000a\000t\000o\000r\000<\000\040\000r\000e\000s\000u\000l\000t\000\137\000T\000\040\000>\000\040\000C\000l\000a\000s\000s\000\040\000T\000e\000m\000p\000l\000a\000t\000e\000\040\000R\000e\000f\000e\000r\000e\000n\000c\000e}{chapter.3}% 43
\BOOKMARK [1][-]{section.3.39}{\376\377\0003\000.\0003\0009\000\040\000E\000x\000a\000c\000t\000P\000r\000o\000p\000a\000g\000a\000t\000o\000r\000\040\000C\000l\000a\000s\000s\000\040\000R\000e\000f\000e\000r\000e\000n\000c\000e}{chapter.3}% 44
\BOOKMARK [1][-]{section.3.40}{\376\377\0003\000.\0004\0000\000\040\000E\000x\000c\000i\000t\000a\000t\000i\000o\000n\000G\000e\000n\000e\000r\000a\000t\000o\000r\000\040\000C\000l\000a\000s\000s\000\040\000R\000e\000f\000e\000r\000e\000n\000c\000e}{chapter.3}% 45
\BOOKMARK [1][-]{section.3.41}{\376\377\0003\000.\0004\0001\000\040\000F\000c\000i\000d\000u\000m\000p\000F\000i\000l\000e\000I\000t\000e\000r\000a\000t\000o\000r\000<\000\040\000T\000\040\000>\000\040\000C\000l\000a\000s\000s\000\040\000T\000e\000m\000p\000l\000a\000t\000e\000\040\000R\000e\000f\000e\000r\000e\000n\000c\000e}{chapter.3}% 46
\BOOKMARK [1][-]{section.3.42}{\376\377\0003\000.\0004\0002\000\040\000F\000c\000i\000q\000m\000c\000C\000a\000l\000c\000u\000l\000a\000t\000i\000o\000n\000\040\000C\000l\000a\000s\000s\000\040\000R\000e\000f\000e\000r\000e\000n\000c\000e}{chapter.3}% 47
\BOOKMARK [1][-]{section.3.43}{\376\377\0003\000.\0004\0003\000\040\000F\000c\000i\000q\000m\000c\000S\000c\000r\000a\000t\000c\000h\000\040\000S\000t\000r\000u\000c\000t\000\040\000R\000e\000f\000e\000r\000e\000n\000c\000e}{chapter.3}% 48
\BOOKMARK [1][-]{section.3.44}{\376\377\0003\000.\0004\0004\000\040\000F\000c\000i\000q\000m\000c\000S\000t\000a\000t\000s\000F\000i\000l\000e\000\040\000S\000t\000r\000u\000c\000t\000\040\000R\000e\000f\000e\000r\000e\000n\000c\000e}{chapter.3}% 49
\BOOKMARK [1][-]{section.3.45}{\376\377\0003\000.\0004\0005\000\040\000F\000i\000e\000l\000d\000\040\000C\000l\000a\000s\000s\000\040\000R\000e\000f\000e\000r\000e\000n\000c\000e}{chapter.3}% 50
\BOOKMARK [1][-]{section.3.46}{\376\377\0003\000.\0004\0006\000\040\000F\000i\000l\000e\000I\000t\000e\000r\000a\000t\000o\000r\000\040\000C\000l\000a\000s\000s\000\040\000R\000e\000f\000e\000r\000e\000n\000c\000e}{chapter.3}% 51
\BOOKMARK [1][-]{section.3.47}{\376\377\0003\000.\0004\0007\000\040\000F\000l\000a\000g\000\040\000C\000l\000a\000s\000s\000\040\000R\000e\000f\000e\000r\000e\000n\000c\000e}{chapter.3}% 52
\BOOKMARK [1][-]{section.3.48}{\376\377\0003\000.\0004\0008\000\040\000F\000l\000a\000g\000E\000l\000e\000m\000e\000n\000t\000\040\000C\000l\000a\000s\000s\000\040\000R\000e\000f\000e\000r\000e\000n\000c\000e}{chapter.3}% 53
\BOOKMARK [1][-]{section.3.49}{\376\377\0003\000.\0004\0009\000\040\000F\000l\000a\000g\000F\000i\000e\000l\000d\000\040\000C\000l\000a\000s\000s\000\040\000R\000e\000f\000e\000r\000e\000n\000c\000e}{chapter.3}% 54
\BOOKMARK [1][-]{section.3.50}{\376\377\0003\000.\0005\0000\000\040\000H\000a\000m\000i\000l\000t\000o\000n\000i\000a\000n\000\040\000C\000l\000a\000s\000s\000\040\000R\000e\000f\000e\000r\000e\000n\000c\000e}{chapter.3}% 55
\BOOKMARK [1][-]{section.3.51}{\376\377\0003\000.\0005\0001\000\040\000H\000a\000s\000h\000M\000a\000p\000<\000\040\000T\000\040\000>\000\040\000C\000l\000a\000s\000s\000\040\000T\000e\000m\000p\000l\000a\000t\000e\000\040\000R\000e\000f\000e\000r\000e\000n\000c\000e}{chapter.3}% 56
\BOOKMARK [1][-]{section.3.52}{\376\377\0003\000.\0005\0002\000\040\000H\000e\000a\000t\000B\000a\000t\000h\000S\000a\000m\000p\000l\000e\000r\000\040\000C\000l\000a\000s\000s\000\040\000R\000e\000f\000e\000r\000e\000n\000c\000e}{chapter.3}% 57
\BOOKMARK [1][-]{section.3.53}{\376\377\0003\000.\0005\0003\000\040\000H\000e\000a\000t\000B\000a\000t\000h\000S\000a\000m\000p\000l\000e\000r\000s\000\040\000C\000l\000a\000s\000s\000\040\000R\000e\000f\000e\000r\000e\000n\000c\000e}{chapter.3}% 58
\BOOKMARK [1][-]{section.3.54}{\376\377\0003\000.\0005\0004\000\040\000I\000n\000d\000e\000x\000e\000r\000<\000\040\000n\000i\000n\000d\000\040\000>\000\040\000C\000l\000a\000s\000s\000\040\000T\000e\000m\000p\000l\000a\000t\000e\000\040\000R\000e\000f\000e\000r\000e\000n\000c\000e}{chapter.3}% 59
\BOOKMARK [1][-]{section.3.55}{\376\377\0003\000.\0005\0005\000\040\000I\000n\000p\000u\000t\000E\000r\000r\000o\000r\000\040\000C\000l\000a\000s\000s\000\040\000R\000e\000f\000e\000r\000e\000n\000c\000e}{chapter.3}% 60
\BOOKMARK [1][-]{section.3.56}{\376\377\0003\000.\0005\0006\000\040\000I\000n\000p\000u\000t\000O\000p\000t\000i\000o\000n\000s\000\040\000C\000l\000a\000s\000s\000\040\000R\000e\000f\000e\000r\000e\000n\000c\000e}{chapter.3}% 61
\BOOKMARK [2][-]{subsection.3.56.1}{\376\377\0003\000.\0005\0006\000.\0001\000\040\000M\000e\000m\000b\000e\000r\000\040\000D\000a\000t\000a\000\040\000D\000o\000c\000u\000m\000e\000n\000t\000a\000t\000i\000o\000n}{section.3.56}% 62
\BOOKMARK [3][-]{subsubsection.3.56.1.1}{\376\377\0003\000.\0005\0006\000.\0001\000.\0001\000\040\000d\000e\000s\000c\000r\000i\000p\000t\000i\000o\000n}{subsection.3.56.1}% 63
\BOOKMARK [1][-]{section.3.57}{\376\377\0003\000.\0005\0007\000\040\000I\000n\000t\000e\000g\000r\000a\000l\000s\000\040\000C\000l\000a\000s\000s\000\040\000R\000e\000f\000e\000r\000e\000n\000c\000e}{chapter.3}% 64
\BOOKMARK [1][-]{section.3.58}{\376\377\0003\000.\0005\0008\000\040\000I\000n\000t\000e\000g\000r\000a\000l\000s\000\137\0001\000e\000<\000\040\000T\000,\000\040\000i\000s\000y\000m\000\040\000>\000\040\000C\000l\000a\000s\000s\000\040\000T\000e\000m\000p\000l\000a\000t\000e\000\040\000R\000e\000f\000e\000r\000e\000n\000c\000e}{chapter.3}% 65
\BOOKMARK [1][-]{section.3.59}{\376\377\0003\000.\0005\0009\000\040\000I\000n\000t\000e\000g\000r\000a\000l\000s\000\137\0002\000e\000<\000\040\000T\000,\000\040\000i\000s\000y\000m\000\040\000>\000\040\000C\000l\000a\000s\000s\000\040\000T\000e\000m\000p\000l\000a\000t\000e\000\040\000R\000e\000f\000e\000r\000e\000n\000c\000e}{chapter.3}% 66
\BOOKMARK [1][-]{section.3.60}{\376\377\0003\000.\0006\0000\000\040\000c\000o\000n\000s\000t\000s\000:\000:\000i\000s\000\137\000c\000o\000m\000p\000l\000e\000x\000\137\000t\000<\000\040\000T\000\040\000>\000\040\000S\000t\000r\000u\000c\000t\000\040\000T\000e\000m\000p\000l\000a\000t\000e\000\040\000R\000e\000f\000e\000r\000e\000n\000c\000e}{chapter.3}% 67
\BOOKMARK [1][-]{section.3.61}{\376\377\0003\000.\0006\0001\000\040\000c\000o\000n\000s\000t\000s\000:\000:\000i\000s\000\137\000c\000o\000m\000p\000l\000e\000x\000\137\000t\000<\000\040\000c\000o\000n\000s\000t\000\040\000s\000t\000d\000:\000:\000c\000o\000m\000p\000l\000e\000x\000<\000\040\000T\000\040\000>\000\040\000\046\000\040\000>\000\040\000S\000t\000r\000u\000c\000t\000\040\000T\000e\000m\000p\000l\000a\000t\000e\000\040\000R\000e\000f\000e\000r\000e\000n\000c\000e}{chapter.3}% 68
\BOOKMARK [1][-]{section.3.62}{\376\377\0003\000.\0006\0002\000\040\000c\000o\000n\000s\000t\000s\000:\000:\000i\000s\000\137\000c\000o\000m\000p\000l\000e\000x\000\137\000t\000<\000\040\000c\000o\000n\000s\000t\000\040\000s\000t\000d\000:\000:\000c\000o\000m\000p\000l\000e\000x\000<\000\040\000T\000\040\000>\000\040\000>\000\040\000S\000t\000r\000u\000c\000t\000\040\000T\000e\000m\000p\000l\000a\000t\000e\000\040\000R\000e\000f\000e\000r\000e\000n\000c\000e}{chapter.3}% 69
\BOOKMARK [1][-]{section.3.63}{\376\377\0003\000.\0006\0003\000\040\000c\000o\000n\000s\000t\000s\000:\000:\000i\000s\000\137\000c\000o\000m\000p\000l\000e\000x\000\137\000t\000<\000\040\000s\000t\000d\000:\000:\000c\000o\000m\000p\000l\000e\000x\000<\000\040\000T\000\040\000>\000\040\000\046\000\040\000>\000\040\000S\000t\000r\000u\000c\000t\000\040\000T\000e\000m\000p\000l\000a\000t\000e\000\040\000R\000e\000f\000e\000r\000e\000n\000c\000e}{chapter.3}% 70
\BOOKMARK [1][-]{section.3.64}{\376\377\0003\000.\0006\0004\000\040\000c\000o\000n\000s\000t\000s\000:\000:\000i\000s\000\137\000c\000o\000m\000p\000l\000e\000x\000\137\000t\000<\000\040\000s\000t\000d\000:\000:\000c\000o\000m\000p\000l\000e\000x\000<\000\040\000T\000\040\000>\000\040\000>\000\040\000S\000t\000r\000u\000c\000t\000\040\000T\000e\000m\000p\000l\000a\000t\000e\000\040\000R\000e\000f\000e\000r\000e\000n\000c\000e}{chapter.3}% 71
\BOOKMARK [1][-]{section.3.65}{\376\377\0003\000.\0006\0005\000\040\000L\000i\000s\000t\000\040\000C\000l\000a\000s\000s\000\040\000R\000e\000f\000e\000r\000e\000n\000c\000e}{chapter.3}% 72
\BOOKMARK [1][-]{section.3.66}{\376\377\0003\000.\0006\0006\000\040\000L\000i\000s\000t\000S\000a\000f\000e\000H\000a\000s\000h\000M\000a\000p\000<\000\040\000T\000\040\000>\000\040\000S\000t\000r\000u\000c\000t\000\040\000T\000e\000m\000p\000l\000a\000t\000e\000\040\000R\000e\000f\000e\000r\000e\000n\000c\000e}{chapter.3}% 73
\BOOKMARK [1][-]{section.3.67}{\376\377\0003\000.\0006\0007\000\040\000M\000a\000g\000n\000i\000t\000u\000d\000e\000L\000o\000g\000g\000e\000r\000\040\000C\000l\000a\000s\000s\000\040\000R\000e\000f\000e\000r\000e\000n\000c\000e}{chapter.3}% 74
\BOOKMARK [1][-]{section.3.68}{\376\377\0003\000.\0006\0008\000\040\000M\000a\000p\000p\000e\000d\000L\000i\000s\000t\000<\000\040\000T\000\040\000>\000\040\000C\000l\000a\000s\000s\000\040\000T\000e\000m\000p\000l\000a\000t\000e\000\040\000R\000e\000f\000e\000r\000e\000n\000c\000e}{chapter.3}% 75
\BOOKMARK [1][-]{section.3.69}{\376\377\0003\000.\0006\0009\000\040\000M\000a\000t\000r\000i\000x\000<\000\040\000T\000\040\000>\000\040\000C\000l\000a\000s\000s\000\040\000T\000e\000m\000p\000l\000a\000t\000e\000\040\000R\000e\000f\000e\000r\000e\000n\000c\000e}{chapter.3}% 76
\BOOKMARK [1][-]{section.3.70}{\376\377\0003\000.\0007\0000\000\040\000m\000p\000i\000\040\000S\000t\000r\000u\000c\000t\000\040\000R\000e\000f\000e\000r\000e\000n\000c\000e}{chapter.3}% 77
\BOOKMARK [1][-]{section.3.71}{\376\377\0003\000.\0007\0001\000\040\000M\000u\000t\000e\000x\000\040\000C\000l\000a\000s\000s\000\040\000R\000e\000f\000e\000r\000e\000n\000c\000e}{chapter.3}% 78
\BOOKMARK [1][-]{section.3.72}{\376\377\0003\000.\0007\0002\000\040\000M\000u\000t\000e\000x\000V\000e\000c\000t\000o\000r\000\040\000C\000l\000a\000s\000s\000\040\000R\000e\000f\000e\000r\000e\000n\000c\000e}{chapter.3}% 79
\BOOKMARK [1][-]{section.3.73}{\376\377\0003\000.\0007\0003\000\040\000N\000d\000A\000r\000r\000a\000y\000<\000\040\000T\000,\000\040\000n\000i\000n\000d\000\040\000>\000\040\000C\000l\000a\000s\000s\000\040\000T\000e\000m\000p\000l\000a\000t\000e\000\040\000R\000e\000f\000e\000r\000e\000n\000c\000e}{chapter.3}% 80
\BOOKMARK [1][-]{section.3.74}{\376\377\0003\000.\0007\0004\000\040\000N\000u\000m\000e\000r\000i\000c\000E\000l\000e\000m\000e\000n\000t\000<\000\040\000T\000\040\000>\000\040\000C\000l\000a\000s\000s\000\040\000T\000e\000m\000p\000l\000a\000t\000e\000\040\000R\000e\000f\000e\000r\000e\000n\000c\000e}{chapter.3}% 81
\BOOKMARK [1][-]{section.3.75}{\376\377\0003\000.\0007\0005\000\040\000N\000u\000m\000e\000r\000i\000c\000F\000i\000e\000l\000d\000<\000\040\000T\000\040\000>\000\040\000C\000l\000a\000s\000s\000\040\000T\000e\000m\000p\000l\000a\000t\000e\000\040\000R\000e\000f\000e\000r\000e\000n\000c\000e}{chapter.3}% 82
\BOOKMARK [1][-]{section.3.76}{\376\377\0003\000.\0007\0006\000\040\000O\000c\000c\000u\000p\000i\000e\000d\000O\000r\000b\000i\000t\000a\000l\000s\000\040\000S\000t\000r\000u\000c\000t\000\040\000R\000e\000f\000e\000r\000e\000n\000c\000e}{chapter.3}% 83
\BOOKMARK [1][-]{section.3.77}{\376\377\0003\000.\0007\0007\000\040\000O\000p\000t\000i\000o\000n\000s\000\040\000S\000t\000r\000u\000c\000t\000\040\000R\000e\000f\000e\000r\000e\000n\000c\000e}{chapter.3}% 84
\BOOKMARK [1][-]{section.3.78}{\376\377\0003\000.\0007\0008\000\040\000P\000e\000r\000f\000o\000r\000a\000b\000l\000e\000M\000a\000p\000p\000e\000d\000L\000i\000s\000t\000<\000\040\000T\000\040\000>\000\040\000C\000l\000a\000s\000s\000\040\000T\000e\000m\000p\000l\000a\000t\000e\000\040\000R\000e\000f\000e\000r\000e\000n\000c\000e}{chapter.3}% 85
\BOOKMARK [1][-]{section.3.79}{\376\377\0003\000.\0007\0009\000\040\000P\000r\000i\000v\000a\000t\000e\000S\000t\000o\000r\000e\000<\000\040\000T\000\040\000>\000\040\000C\000l\000a\000s\000s\000\040\000T\000e\000m\000p\000l\000a\000t\000e\000\040\000R\000e\000f\000e\000r\000e\000n\000c\000e}{chapter.3}% 86
\BOOKMARK [1][-]{section.3.80}{\376\377\0003\000.\0008\0000\000\040\000P\000R\000N\000G\000\040\000C\000l\000a\000s\000s\000\040\000R\000e\000f\000e\000r\000e\000n\000c\000e}{chapter.3}% 87
\BOOKMARK [1][-]{section.3.81}{\376\377\0003\000.\0008\0001\000\040\000P\000r\000o\000p\000a\000g\000a\000t\000o\000r\000\040\000C\000l\000a\000s\000s\000\040\000R\000e\000f\000e\000r\000e\000n\000c\000e}{chapter.3}% 88
\BOOKMARK [1][-]{section.3.82}{\376\377\0003\000.\0008\0002\000\040\000R\000a\000n\000k\000A\000l\000l\000o\000c\000a\000t\000o\000r\000<\000\040\000T\000\040\000>\000\040\000C\000l\000a\000s\000s\000\040\000T\000e\000m\000p\000l\000a\000t\000e\000\040\000R\000e\000f\000e\000r\000e\000n\000c\000e}{chapter.3}% 89
\BOOKMARK [1][-]{section.3.83}{\376\377\0003\000.\0008\0003\000\040\000A\000l\000i\000g\000n\000e\000d\000A\000l\000l\000o\000c\000a\000t\000o\000r\0002\000<\000\040\000T\000,\000\040\000a\000l\000i\000g\000n\000m\000e\000n\000t\000\040\000>\000:\000:\000r\000e\000b\000i\000n\000d\000<\000\040\000U\000\040\000>\000\040\000S\000t\000r\000u\000c\000t\000\040\000T\000e\000m\000p\000l\000a\000t\000e\000\040\000R\000e\000f\000e\000r\000e\000n\000c\000e}{chapter.3}% 90
\BOOKMARK [1][-]{section.3.84}{\376\377\0003\000.\0008\0004\000\040\000A\000l\000i\000g\000n\000e\000d\000A\000l\000l\000o\000c\000a\000t\000o\000r\000<\000\040\000T\000,\000\040\000a\000l\000i\000g\000n\000m\000e\000n\000t\000\040\000>\000:\000:\000r\000e\000b\000i\000n\000d\000<\000\040\000U\000\040\000>\000\040\000S\000t\000r\000u\000c\000t\000\040\000T\000e\000m\000p\000l\000a\000t\000e\000\040\000R\000e\000f\000e\000r\000e\000n\000c\000e}{chapter.3}% 91
\BOOKMARK [1][-]{section.3.85}{\376\377\0003\000.\0008\0005\000\040\000S\000a\000f\000e\000H\000a\000s\000h\000M\000a\000p\000<\000\040\000T\000\040\000>\000\040\000C\000l\000a\000s\000s\000\040\000T\000e\000m\000p\000l\000a\000t\000e\000\040\000R\000e\000f\000e\000r\000e\000n\000c\000e}{chapter.3}% 92
\BOOKMARK [1][-]{section.3.86}{\376\377\0003\000.\0008\0006\000\040\000S\000c\000r\000a\000t\000c\000h\000\040\000C\000l\000a\000s\000s\000\040\000R\000e\000f\000e\000r\000e\000n\000c\000e}{chapter.3}% 93
\BOOKMARK [1][-]{section.3.87}{\376\377\0003\000.\0008\0007\000\040\000S\000p\000a\000r\000s\000e\000E\000n\000t\000r\000y\000<\000\040\000T\000\040\000>\000\040\000S\000t\000r\000u\000c\000t\000\040\000T\000e\000m\000p\000l\000a\000t\000e\000\040\000R\000e\000f\000e\000r\000e\000n\000c\000e}{chapter.3}% 94
\BOOKMARK [1][-]{section.3.88}{\376\377\0003\000.\0008\0008\000\040\000S\000p\000a\000r\000s\000e\000M\000a\000t\000r\000i\000x\000<\000\040\000T\000\040\000>\000\040\000C\000l\000a\000s\000s\000\040\000T\000e\000m\000p\000l\000a\000t\000e\000\040\000R\000e\000f\000e\000r\000e\000n\000c\000e}{chapter.3}% 95
\BOOKMARK [1][-]{section.3.89}{\376\377\0003\000.\0008\0009\000\040\000S\000p\000a\000w\000n\000L\000i\000s\000t\000\040\000S\000t\000r\000u\000c\000t\000\040\000R\000e\000f\000e\000r\000e\000n\000c\000e}{chapter.3}% 96
\BOOKMARK [1][-]{section.3.90}{\376\377\0003\000.\0009\0000\000\040\000S\000t\000a\000t\000s\000E\000l\000e\000m\000e\000n\000t\000<\000\040\000T\000\040\000>\000\040\000C\000l\000a\000s\000s\000\040\000T\000e\000m\000p\000l\000a\000t\000e\000\040\000R\000e\000f\000e\000r\000e\000n\000c\000e}{chapter.3}% 97
\BOOKMARK [1][-]{section.3.91}{\376\377\0003\000.\0009\0001\000\040\000S\000t\000a\000t\000s\000F\000i\000e\000l\000d\000<\000\040\000T\000\040\000>\000\040\000C\000l\000a\000s\000s\000\040\000T\000e\000m\000p\000l\000a\000t\000e\000\040\000R\000e\000f\000e\000r\000e\000n\000c\000e}{chapter.3}% 98
\BOOKMARK [1][-]{section.3.92}{\376\377\0003\000.\0009\0002\000\040\000S\000t\000a\000t\000s\000F\000i\000l\000e\000\040\000C\000l\000a\000s\000s\000\040\000R\000e\000f\000e\000r\000e\000n\000c\000e}{chapter.3}% 99
\BOOKMARK [1][-]{section.3.93}{\376\377\0003\000.\0009\0003\000\040\000S\000t\000o\000c\000h\000a\000s\000t\000i\000c\000P\000r\000o\000p\000a\000g\000a\000t\000o\000r\000\040\000C\000l\000a\000s\000s\000\040\000R\000e\000f\000e\000r\000e\000n\000c\000e}{chapter.3}% 100
\BOOKMARK [1][-]{section.3.94}{\376\377\0003\000.\0009\0004\000\040\000T\000a\000b\000l\000e\000\040\000C\000l\000a\000s\000s\000\040\000R\000e\000f\000e\000r\000e\000n\000c\000e}{chapter.3}% 101
\BOOKMARK [1][-]{section.3.95}{\376\377\0003\000.\0009\0005\000\040\000T\000e\000n\000s\000o\000r\000F\000i\000l\000e\000I\000t\000e\000r\000a\000t\000o\000r\000<\000\040\000T\000\040\000>\000\040\000C\000l\000a\000s\000s\000\040\000T\000e\000m\000p\000l\000a\000t\000e\000\040\000R\000e\000f\000e\000r\000e\000n\000c\000e}{chapter.3}% 102
\BOOKMARK [1][-]{section.3.96}{\376\377\0003\000.\0009\0006\000\040\000V\000a\000c\000a\000n\000t\000O\000r\000b\000i\000t\000a\000l\000s\000\040\000S\000t\000r\000u\000c\000t\000\040\000R\000e\000f\000e\000r\000e\000n\000c\000e}{chapter.3}% 103
\BOOKMARK [1][-]{section.3.97}{\376\377\0003\000.\0009\0007\000\040\000W\000a\000l\000k\000e\000r\000L\000i\000s\000t\000\040\000S\000t\000r\000u\000c\000t\000\040\000R\000e\000f\000e\000r\000e\000n\000c\000e}{chapter.3}% 104
\BOOKMARK [1][-]{section.3.98}{\376\377\0003\000.\0009\0008\000\040\000W\000a\000v\000e\000f\000u\000n\000c\000t\000i\000o\000n\000\040\000C\000l\000a\000s\000s\000\040\000R\000e\000f\000e\000r\000e\000n\000c\000e}{chapter.3}% 105
\BOOKMARK [0][-]{section*.200}{\376\377\000I\000n\000d\000e\000x}{}% 106
