  * process grid (1, 1) will be used
    node-k98b-018                   

  * using 24 threads per process

  ===============================================================
    BAGEL - Freshly leavened quantum chemistry                   
  ===============================================================

  *** Geometry ***

  { "atom" : "Be", "xyz" : [     -0.000000,     -0.000000,     -0.000000 ] },

  Number of auxiliary basis functions:       51

  Since a DF basis is specified, we compute 2- and 3-index integrals:
    o Being stored without compression. Storage requirement is 0.000 GB
       - 3-index ints prep                         0.00
       - 3-index ints                              0.01
       - 2-index ints                              0.00
       - computing inverse                         0.01
        elapsed time:        0.02 sec.


  Number of basis functions:        5
  Number of electrons      :        4


    * METHOD: MOLECULE                             0.05

       - Overlap matrix                            0.00
       - Hcore matrix                              0.00
       - Overlap orthog                            0.00

  *** RHF ***

  === Nuclear Repulsion ===
  
     0.0000000000

      * DIIS with orbital gradients will be used.

       - SCF startup                               0.03

  === RHF iteration (/home/mmm0043/Programs/bagel_master/src/basis/sto-3g.json) ===
  
               o Fock build                                  0.00
      0        -14.35201087          0.00000000           0.00
  
    * SCF iteration converged.

    * Permanent dipole moment:
           (    0.000000,     0.000000,     0.000000) a.u.


    * METHOD: HF                                   0.04

  *** Geometry (Relativistic) ***
       - 3-index ints post                         0.00
       - 3-index ints prep                         0.00
       - 3-index ints                              0.00
       - 3-index ints post                         0.00

       - Geometry relativistic (total)             0.00

  *** Dirac HF ***

       - 1-electron integrals                      0.00
       - Coulomb: half trans                       0.00
       - Coulomb: metric multiply                  0.03
       - Coulomb: J operator                       0.00
       - Coulomb: K operator                       0.00
  === Nuclear Repulsion ===
  
     0.0000000000

      * DIIS with orbital gradients will be used.

       - SCF startup                               0.04

  === Dirac RHF iteration (/home/mmm0043/Programs/bagel_master/src/basis/sto-3g.json, RKB) ===
  
       - Coulomb: half trans                       0.00
       - Coulomb: metric multiply                  0.03
       - Coulomb: J operator                       0.00
       - Coulomb: K operator                       0.00
               o Fock build                                  0.03
      0        -14.35422050          0.00004213           0.03
       - Coulomb: half trans                       0.00
       - Coulomb: metric multiply                  0.03
       - Coulomb: J operator                       0.00
       - Coulomb: K operator                       0.00
               o Fock build                                  0.03
      1        -14.35422045          0.00000000           0.03
               o DIIS                                        0.00
       - Coulomb: half trans                       0.00
       - Coulomb: metric multiply                  0.03
       - Coulomb: J operator                       0.00
       - Coulomb: K operator                       0.00
               o Fock build                                  0.03
      2        -14.35422045          0.00000000           0.03
  
    * SCF iteration converged.

    * Permanent dipole moment: Dirac Hartree-Fock
           (    0.000000,     0.000000,     0.000000) a.u.

    * METHOD: DHF                                  0.15

  ------------------------------
  Spin-nonconserving complex FCI
  ------------------------------

    * nstate   :      1
    * nclosed  :      0
    * nact     :      5
    * nvirt    :      0

    * Relativistic FCI
    * 4 active electrons in 5 orbitals.
    * gaunt    : false
    * breit    : false
  *** Geometry (Relativistic) ***
       - 3-index ints post                         0.00
       - 3-index ints prep                         0.00
       - 3-index ints                              0.00
       - 3-index ints post                         0.00

       - Geometry relativistic (total)             0.00

    * Integral transformation done. Elapsed time: 0.01

       - jop, kop                                  0.00
       - denom                                     0.00

Writing relativistic integrals to FCIDUMP.REL file

Number of AO basis functions: 20
Number of MO basis functions to dump: 10
Writing 2e integral block 1 / 16 : ( + + | + + )
Writing 2e integral block 3 / 16 : ( + - | + + )
Writing 2e integral block 4 / 16 : ( + - | + - )
Writing 2e integral block 5 / 16 : ( + + | - + )
Writing 2e integral block 6 / 16 : ( + + | - - )
Writing 2e integral block 10 / 16 : ( - + | + - )
Writing 2e integral block 12 / 16 : ( - - | + - )
Writing 2e integral block 13 / 16 : ( - + | - + )
Writing 2e integral block 14 / 16 : ( - + | - - )
Writing 2e integral block 16 / 16 : ( - - | - - )
Writing 1e integral block 1 / 4
Writing 1e integral block 2 / 4
Writing 1e integral block 3 / 4
Writing 1e integral block 4 / 4
  -- Termination requested --
  message: Relativistic MO integrals are dumped on a file.

  
  ===============================================================

