nsite, nelec = 4, 4
U = 4
t = 1
nboson_max = 2
(6, 6, 3, 3, 3, 3)
tol 1e-10  toloose 1e-05
max_cycle 100  max_space 12  max_memory 2000  incore True
davidson 0 1  |r|= 1.49  e= [8.]  max|de|=    8  lindep=    1
davidson 1 2  |r|= 3.11  e= [6.00984274]  max|de|= -1.99  lindep=  0.7
davidson 2 3  |r|= 2.86  e= [4.73129207]  max|de|= -1.28  lindep= 0.954
davidson 3 4  |r|= 1.88  e= [2.77894396]  max|de|= -1.95  lindep= 0.998
davidson 4 5  |r|=  1.5  e= [2.74597175]  max|de|= -0.033  lindep= 0.452
davidson 5 6  |r|= 3.09  e= [1.45940596]  max|de|= -1.29  lindep= 0.915
davidson 6 7  |r|= 2.89  e= [0.92896556]  max|de|= -0.53  lindep= 0.989
davidson 7 8  |r|= 2.33  e= [0.76347409]  max|de|= -0.165  lindep= 0.698
davidson 8 9  |r|= 2.12  e= [-0.42700166]  max|de|= -1.19  lindep= 0.989
davidson 9 10  |r|= 0.96  e= [-1.13622992]  max|de|= -0.709  lindep= 0.968
davidson 10 11  |r|= 0.524  e= [-1.29590285]  max|de|= -0.16  lindep= 0.976
davidson 11 12  |r|= 0.25  e= [-1.34324507]  max|de|= -0.0473  lindep= 0.948
davidson 12 1  |r|= 0.25  e= [-1.34324507]  max|de|= 2.44e-15  lindep=    1
davidson 13 2  |r|= 0.136  e= [-1.35153611]  max|de|= -0.00829  lindep= 0.969
davidson 14 3  |r|= 0.108  e= [-1.35607921]  max|de|= -0.00454  lindep= 0.914
davidson 15 4  |r|= 0.112  e= [-1.35994473]  max|de|= -0.00387  lindep= 0.967
davidson 16 5  |r|= 0.196  e= [-1.3663581]  max|de|= -0.00641  lindep= 0.877
davidson 17 6  |r|= 1.14  e= [-1.56174541]  max|de|= -0.195  lindep= 0.961
davidson 18 7  |r|= 0.74  e= [-1.87606823]  max|de|= -0.314  lindep= 0.992
davidson 19 8  |r|= 0.386  e= [-1.98199596]  max|de|= -0.106  lindep= 0.974
davidson 20 9  |r|= 0.175  e= [-2.00844355]  max|de|= -0.0264  lindep= 0.985
davidson 21 10  |r|= 0.12  e= [-2.01433429]  max|de|= -0.00589  lindep= 0.978
davidson 22 11  |r|= 0.0869  e= [-2.01829914]  max|de|= -0.00396  lindep= 0.982
davidson 23 12  |r|= 0.0339  e= [-2.01946614]  max|de|= -0.00117  lindep= 0.987
davidson 24 1  |r|= 0.0339  e= [-2.01946614]  max|de|= -4.44e-16  lindep=    1
davidson 25 2  |r|= 0.0188  e= [-2.01962537]  max|de|= -0.000159  lindep= 0.999
davidson 26 3  |r|= 0.0116  e= [-2.01970215]  max|de|= -7.68e-05  lindep= 0.986
davidson 27 4  |r|= 0.00705  e= [-2.0197272]  max|de|= -2.51e-05  lindep= 0.985
davidson 28 5  |r|= 0.0042  e= [-2.01973788]  max|de|= -1.07e-05  lindep= 0.99
davidson 29 6  |r|= 0.0027  e= [-2.0197414]  max|de|= -3.53e-06  lindep= 0.996
davidson 30 7  |r|= 0.00133  e= [-2.01974274]  max|de|= -1.33e-06  lindep= 0.975
davidson 31 8  |r|= 0.000634  e= [-2.01974303]  max|de|= -2.86e-07  lindep= 0.972
davidson 32 9  |r|= 0.000349  e= [-2.01974309]  max|de|= -6.57e-08  lindep= 0.956
davidson 33 10  |r|= 0.000201  e= [-2.01974311]  max|de|= -2.07e-08  lindep= 0.947
davidson 34 11  |r|= 0.000117  e= [-2.01974312]  max|de|= -8.03e-09  lindep= 0.954
davidson 35 12  |r|= 6.9e-05  e= [-2.01974312]  max|de|= -2.28e-09  lindep= 0.971
davidson 36 1  |r|= 6.9e-05  e= [-2.01974312]  max|de|= 3.55e-15  lindep= 0.993
davidson 37 2  |r|= 3.89e-05  e= [-2.01974312]  max|de|= -6.43e-10  lindep= 0.98
davidson 38 3  |r|= 2.54e-05  e= [-2.01974312]  max|de|= -3.43e-10  lindep= 0.949
davidson 39 4  |r|= 1.74e-05  e= [-2.01974312]  max|de|= -1.38e-10  lindep= 0.975
davidson 40 5  |r|= 1.07e-05  e= [-2.01974312]  max|de|= -5.69e-11  lindep= 0.961
root 0 converged  |r|= 5.52e-06  e= -2.019743123274319  max|de|= -1.98e-11
converged 41 6  |r|= 5.52e-06  e= [-2.01974312]  max|de|= -1.98e-11
-2.019743123274319
