nsite, nelec = 3, 4
U = 4
t = 1
nboson_max = 3
(3, 3, 4, 4, 4)
tol 1e-10  toloose 1e-05
max_cycle 100  max_space 12  max_memory 2000  incore True
davidson 0 1  |r|= 1.71  e= [8.]  max|de|=    8  lindep=    1
davidson 1 2  |r|= 2.49  e= [3.44962629]  max|de|= -4.55  lindep= 0.999
davidson 2 3  |r|= 1.52  e= [2.18330937]  max|de|= -1.27  lindep= 0.992
davidson 3 4  |r|= 1.14  e= [1.40414297]  max|de|= -0.779  lindep= 0.998
davidson 4 5  |r|= 0.659  e= [1.13520819]  max|de|= -0.269  lindep= 0.998
davidson 5 6  |r|= 0.578  e= [1.0203827]  max|de|= -0.115  lindep= 0.998
davidson 6 7  |r|= 0.643  e= [0.88772307]  max|de|= -0.133  lindep= 0.996
davidson 7 8  |r|= 0.47  e= [0.78509003]  max|de|= -0.103  lindep= 0.997
davidson 8 9  |r|= 0.398  e= [0.73102292]  max|de|= -0.0541  lindep= 0.995
davidson 9 10  |r|= 0.352  e= [0.68195183]  max|de|= -0.0491  lindep= 0.994
davidson 10 11  |r|= 0.276  e= [0.65320513]  max|de|= -0.0287  lindep= 0.996
davidson 11 12  |r|= 0.207  e= [0.63478653]  max|de|= -0.0184  lindep= 0.991
davidson 12 1  |r|= 0.207  e= [0.63478653]  max|de|= 1.11e-16  lindep=    1
davidson 13 2  |r|= 0.124  e= [0.62880227]  max|de|= -0.00598  lindep=    1
davidson 14 3  |r|= 0.116  e= [0.62426827]  max|de|= -0.00453  lindep= 0.995
davidson 15 4  |r|= 0.0822  e= [0.62124129]  max|de|= -0.00303  lindep= 0.999
davidson 16 5  |r|= 0.0702  e= [0.6195494]  max|de|= -0.00169  lindep= 0.992
davidson 17 6  |r|= 0.0592  e= [0.61821905]  max|de|= -0.00133  lindep= 0.995
davidson 18 7  |r|= 0.0416  e= [0.61737823]  max|de|= -0.000841  lindep= 0.994
davidson 19 8  |r|= 0.0324  e= [0.61697056]  max|de|= -0.000408  lindep= 0.996
davidson 20 9  |r|= 0.0267  e= [0.61666636]  max|de|= -0.000304  lindep= 0.996
davidson 21 10  |r|= 0.0176  e= [0.61649163]  max|de|= -0.000175  lindep= 0.996
davidson 22 11  |r|= 0.0127  e= [0.61641067]  max|de|= -8.1e-05  lindep= 0.997
davidson 23 12  |r|= 0.00833  e= [0.6163756]  max|de|= -3.51e-05  lindep= 0.995
davidson 24 1  |r|= 0.00833  e= [0.6163756]  max|de|= -2.22e-16  lindep= 0.999
davidson 25 2  |r|= 0.00727  e= [0.61636079]  max|de|= -1.48e-05  lindep=    1
davidson 26 3  |r|= 0.00633  e= [0.61634418]  max|de|= -1.66e-05  lindep= 0.999
davidson 27 4  |r|= 0.00507  e= [0.61633338]  max|de|= -1.08e-05  lindep=    1
davidson 28 5  |r|= 0.00343  e= [0.61632736]  max|de|= -6.02e-06  lindep= 0.995
davidson 29 6  |r|= 0.00248  e= [0.61632479]  max|de|= -2.56e-06  lindep= 0.995
davidson 30 7  |r|= 0.00187  e= [0.61632332]  max|de|= -1.47e-06  lindep= 0.997
davidson 31 8  |r|= 0.00137  e= [0.6163225]  max|de|= -8.25e-07  lindep= 0.992
davidson 32 9  |r|= 0.00105  e= [0.61632205]  max|de|= -4.47e-07  lindep= 0.995
davidson 33 10  |r|= 0.000833  e= [0.61632179]  max|de|= -2.62e-07  lindep= 0.989
davidson 34 11  |r|= 0.000593  e= [0.61632163]  max|de|= -1.55e-07  lindep= 0.997
davidson 35 12  |r|= 0.000589  e= [0.61632154]  max|de|= -8.93e-08  lindep= 0.993
davidson 36 1  |r|= 0.000589  e= [0.61632154]  max|de|=    0  lindep= 0.999
davidson 37 2  |r|= 0.000388  e= [0.61632149]  max|de|= -5.23e-08  lindep=    1
davidson 38 3  |r|= 0.000374  e= [0.61632144]  max|de|= -4.77e-08  lindep= 0.996
davidson 39 4  |r|= 0.000286  e= [0.61632141]  max|de|= -3.25e-08  lindep= 0.999
davidson 40 5  |r|= 0.000232  e= [0.61632139]  max|de|= -2.03e-08  lindep= 0.991
davidson 41 6  |r|= 0.000182  e= [0.61632138]  max|de|= -1.34e-08  lindep= 0.996
davidson 42 7  |r|= 0.000138  e= [0.61632137]  max|de|= -7.8e-09  lindep= 0.995
davidson 43 8  |r|= 0.000106  e= [0.61632136]  max|de|= -4.5e-09  lindep= 0.996
davidson 44 9  |r|= 8.02e-05  e= [0.61632136]  max|de|= -3e-09  lindep= 0.995
davidson 45 10  |r|= 5.3e-05  e= [0.61632136]  max|de|= -1.44e-09  lindep= 0.997
davidson 46 11  |r|= 3.57e-05  e= [0.61632136]  max|de|= -6.79e-10  lindep= 0.994
davidson 47 12  |r|= 2.9e-05  e= [0.61632136]  max|de|= -2.74e-10  lindep= 0.994
davidson 48 1  |r|= 2.9e-05  e= [0.61632136]  max|de|=    0  lindep= 0.999
davidson 49 2  |r|= 2.45e-05  e= [0.61632136]  max|de|= -1.75e-10  lindep=    1
davidson 50 3  |r|= 2.22e-05  e= [0.61632136]  max|de|= -1.97e-10  lindep= 0.999
davidson 51 4  |r|= 1.76e-05  e= [0.61632136]  max|de|= -1.31e-10  lindep= 0.999
davidson 52 5  |r|= 1.19e-05  e= [0.61632136]  max|de|= -7.26e-11  lindep= 0.996
root 0 converged  |r|= 8.52e-06  e= 0.6163213587917992  max|de|= -3.13e-11
converged 53 6  |r|= 8.52e-06  e= [0.61632136]  max|de|= -3.13e-11
0.6163213587917992
